<?xml version="1.0" encoding="UTF-8"?>
<!-- Generated by org.testng.reporters.JUnitReportReporter -->
<testsuite hostname="Priyansh" failures="0" tests="1" name="Runner.TestRunner" time="35.612" errors="0" timestamp="2024-07-16T16:36:58 IST" skipped="0">
  <testcase classname="Runner.TestRunner" name="runScenario" time="35.612"/>
  <system-out/>
</testsuite> <!-- Runner.TestRunner -->
